12/13/2025 19:48:43 - INFO - __main__ -   Logging to output_ft_rnn/training_detailed.log
12/13/2025 19:48:45 - WARNING - accelerate.utils.other -   Detected kernel version 5.4.0, which is below the recommended minimum of 5.5.0; this can cause the process to hang. It is recommended to upgrade the kernel to the minimum version or higher.
12/13/2025 19:50:11 - INFO - __main__ -   Epoch: 0.02, Step: 50, Train Loss: 2.6447, LR: 4.83e-07, Batch: 16, Speed: 1708.13ms/step
12/13/2025 19:51:32 - INFO - __main__ -   Epoch: 0.05, Step: 100, Train Loss: 2.6302, LR: 9.76e-07, Batch: 16, Speed: 1633.10ms/step
12/13/2025 19:52:52 - INFO - __main__ -   Epoch: 0.07, Step: 150, Train Loss: 2.6010, LR: 1.47e-06, Batch: 16, Speed: 1588.31ms/step
12/13/2025 19:54:13 - INFO - __main__ -   Epoch: 0.10, Step: 200, Train Loss: 2.5469, LR: 1.96e-06, Batch: 16, Speed: 1621.51ms/step
12/13/2025 19:55:35 - INFO - __main__ -   Epoch: 0.12, Step: 250, Train Loss: 2.4421, LR: 2.46e-06, Batch: 16, Speed: 1640.66ms/step
12/13/2025 19:56:59 - INFO - __main__ -   Epoch: 0.15, Step: 300, Train Loss: 2.2732, LR: 2.95e-06, Batch: 16, Speed: 1675.56ms/step
12/13/2025 19:58:22 - INFO - __main__ -   Epoch: 0.17, Step: 350, Train Loss: 2.0299, LR: 3.44e-06, Batch: 16, Speed: 1671.43ms/step
12/13/2025 19:59:46 - INFO - __main__ -   Epoch: 0.20, Step: 400, Train Loss: 1.7708, LR: 3.93e-06, Batch: 16, Speed: 1673.61ms/step
12/13/2025 20:01:10 - INFO - __main__ -   Epoch: 0.22, Step: 450, Train Loss: 1.5245, LR: 4.43e-06, Batch: 16, Speed: 1679.74ms/step
12/13/2025 20:02:32 - INFO - __main__ -   Epoch: 0.25, Step: 500, Train Loss: 1.2697, LR: 4.92e-06, Batch: 16, Speed: 1631.43ms/step
12/13/2025 20:05:31 - INFO - __main__ -   Epoch: 0.25, Step: 500, Batch: 16, Speed: N/A, Eval Loss: 1.0915, Accuracy: 0.8111, F1: 0.5284
12/13/2025 20:06:58 - INFO - __main__ -   Epoch: 0.27, Step: 550, Train Loss: 1.0864, LR: 5.41e-06, Batch: 16, Speed: 1748.41ms/step
12/13/2025 20:08:51 - INFO - __main__ -   Epoch: 0.30, Step: 600, Train Loss: 0.9470, LR: 5.91e-06, Batch: 16, Speed: 2250.39ms/step
12/13/2025 20:10:43 - INFO - __main__ -   Epoch: 0.32, Step: 650, Train Loss: 0.7950, LR: 6.40e-06, Batch: 16, Speed: 2232.97ms/step
12/13/2025 20:12:44 - INFO - __main__ -   Epoch: 0.35, Step: 700, Train Loss: 0.6992, LR: 6.89e-06, Batch: 16, Speed: 2430.44ms/step
12/13/2025 20:14:18 - INFO - __main__ -   Epoch: 0.37, Step: 750, Train Loss: 0.5865, LR: 7.39e-06, Batch: 16, Speed: 1880.36ms/step
12/13/2025 20:15:37 - INFO - __main__ -   Epoch: 0.39, Step: 800, Train Loss: 0.5018, LR: 7.88e-06, Batch: 16, Speed: 1585.16ms/step
12/13/2025 20:17:01 - INFO - __main__ -   Epoch: 0.42, Step: 850, Train Loss: 0.4378, LR: 8.37e-06, Batch: 16, Speed: 1676.88ms/step
12/13/2025 20:18:24 - INFO - __main__ -   Epoch: 0.44, Step: 900, Train Loss: 0.4022, LR: 8.87e-06, Batch: 16, Speed: 1664.13ms/step
12/13/2025 20:19:49 - INFO - __main__ -   Epoch: 0.47, Step: 950, Train Loss: 0.3722, LR: 9.36e-06, Batch: 16, Speed: 1693.37ms/step
12/13/2025 20:21:11 - INFO - __main__ -   Epoch: 0.49, Step: 1000, Train Loss: 0.3396, LR: 9.85e-06, Batch: 16, Speed: 1631.89ms/step
12/13/2025 20:24:10 - INFO - __main__ -   Epoch: 0.49, Step: 1000, Batch: 16, Speed: N/A, Eval Loss: 0.3132, Accuracy: 0.9269, F1: 0.8354
12/13/2025 20:25:32 - INFO - __main__ -   Epoch: 0.52, Step: 1050, Train Loss: 0.3184, LR: 1.03e-05, Batch: 16, Speed: 1650.45ms/step
12/13/2025 20:26:55 - INFO - __main__ -   Epoch: 0.54, Step: 1100, Train Loss: 0.3299, LR: 1.08e-05, Batch: 16, Speed: 1641.86ms/step
12/13/2025 20:28:17 - INFO - __main__ -   Epoch: 0.57, Step: 1150, Train Loss: 0.2979, LR: 1.13e-05, Batch: 16, Speed: 1653.24ms/step
12/13/2025 20:29:40 - INFO - __main__ -   Epoch: 0.59, Step: 1200, Train Loss: 0.2892, LR: 1.18e-05, Batch: 16, Speed: 1656.32ms/step
12/13/2025 20:31:14 - INFO - __main__ -   Epoch: 0.62, Step: 1250, Train Loss: 0.2757, LR: 1.23e-05, Batch: 16, Speed: 1873.98ms/step
12/13/2025 20:32:42 - INFO - __main__ -   Epoch: 0.64, Step: 1300, Train Loss: 0.2683, LR: 1.28e-05, Batch: 16, Speed: 1770.60ms/step
12/13/2025 20:34:16 - INFO - __main__ -   Epoch: 0.67, Step: 1350, Train Loss: 0.2483, LR: 1.33e-05, Batch: 16, Speed: 1882.51ms/step
12/13/2025 20:35:39 - INFO - __main__ -   Epoch: 0.69, Step: 1400, Train Loss: 0.2652, LR: 1.38e-05, Batch: 16, Speed: 1645.73ms/step
12/13/2025 20:37:04 - INFO - __main__ -   Epoch: 0.71, Step: 1450, Train Loss: 0.2538, LR: 1.43e-05, Batch: 16, Speed: 1706.20ms/step
12/13/2025 20:38:44 - INFO - __main__ -   Epoch: 0.74, Step: 1500, Train Loss: 0.2279, LR: 1.48e-05, Batch: 16, Speed: 1994.66ms/step
12/13/2025 20:41:50 - INFO - __main__ -   Epoch: 0.74, Step: 1500, Batch: 16, Speed: N/A, Eval Loss: 0.2151, Accuracy: 0.9443, F1: 0.9281
12/13/2025 20:43:14 - INFO - __main__ -   Epoch: 0.76, Step: 1550, Train Loss: 0.2213, LR: 1.53e-05, Batch: 16, Speed: 1671.07ms/step
12/13/2025 20:44:41 - INFO - __main__ -   Epoch: 0.79, Step: 1600, Train Loss: 0.2395, LR: 1.58e-05, Batch: 16, Speed: 1753.89ms/step
12/13/2025 20:46:19 - INFO - __main__ -   Epoch: 0.81, Step: 1650, Train Loss: 0.2117, LR: 1.63e-05, Batch: 16, Speed: 1959.80ms/step
12/13/2025 20:48:12 - INFO - __main__ -   Epoch: 0.84, Step: 1700, Train Loss: 0.2187, LR: 1.68e-05, Batch: 16, Speed: 2259.00ms/step
12/13/2025 20:50:11 - INFO - __main__ -   Epoch: 0.86, Step: 1750, Train Loss: 0.2020, LR: 1.72e-05, Batch: 16, Speed: 2367.93ms/step
12/13/2025 20:52:02 - INFO - __main__ -   Epoch: 0.89, Step: 1800, Train Loss: 0.2158, LR: 1.77e-05, Batch: 16, Speed: 2215.57ms/step
12/13/2025 20:53:55 - INFO - __main__ -   Epoch: 0.91, Step: 1850, Train Loss: 0.2128, LR: 1.82e-05, Batch: 16, Speed: 2270.86ms/step
12/13/2025 20:55:53 - INFO - __main__ -   Epoch: 0.94, Step: 1900, Train Loss: 0.2051, LR: 1.87e-05, Batch: 16, Speed: 2350.98ms/step
12/13/2025 20:57:47 - INFO - __main__ -   Epoch: 0.96, Step: 1950, Train Loss: 0.2106, LR: 1.92e-05, Batch: 16, Speed: 2285.43ms/step
12/13/2025 20:59:38 - INFO - __main__ -   Epoch: 0.99, Step: 2000, Train Loss: 0.2120, LR: 1.97e-05, Batch: 16, Speed: 2218.45ms/step
12/13/2025 21:03:42 - INFO - __main__ -   Epoch: 0.99, Step: 2000, Batch: 16, Speed: N/A, Eval Loss: 0.1936, Accuracy: 0.9480, F1: 0.9322
12/13/2025 21:05:39 - INFO - __main__ -   Epoch: 1.01, Step: 2050, Train Loss: 0.2109, LR: 2.00e-05, Batch: 16, Speed: 2335.15ms/step
12/13/2025 21:07:31 - INFO - __main__ -   Epoch: 1.04, Step: 2100, Train Loss: 0.0000, LR: 1.99e-05, Batch: 16, Speed: 2253.20ms/step
12/13/2025 21:09:34 - INFO - __main__ -   Epoch: 1.06, Step: 2150, Train Loss: 0.0000, LR: 1.99e-05, Batch: 16, Speed: 2445.81ms/step
12/13/2025 21:11:28 - INFO - __main__ -   Epoch: 1.08, Step: 2200, Train Loss: 0.0000, LR: 1.98e-05, Batch: 16, Speed: 2291.98ms/step
12/13/2025 21:13:24 - INFO - __main__ -   Epoch: 1.11, Step: 2250, Train Loss: 0.0000, LR: 1.98e-05, Batch: 16, Speed: 2322.47ms/step
12/13/2025 21:15:38 - INFO - __main__ -   Epoch: 1.13, Step: 2300, Train Loss: 0.0000, LR: 1.97e-05, Batch: 16, Speed: 2667.85ms/step
12/13/2025 21:17:52 - INFO - __main__ -   Epoch: 1.16, Step: 2350, Train Loss: 0.0000, LR: 1.96e-05, Batch: 16, Speed: 2682.07ms/step
12/13/2025 21:20:13 - INFO - __main__ -   Epoch: 1.18, Step: 2400, Train Loss: 0.0000, LR: 1.96e-05, Batch: 16, Speed: 2822.98ms/step
12/13/2025 21:22:57 - INFO - __main__ -   Epoch: 1.21, Step: 2450, Train Loss: 0.0000, LR: 1.95e-05, Batch: 16, Speed: 3268.92ms/step
12/13/2025 21:26:26 - INFO - __main__ -   Epoch: 1.23, Step: 2500, Train Loss: 0.0000, LR: 1.95e-05, Batch: 16, Speed: 4181.54ms/step
12/13/2025 21:33:56 - INFO - __main__ -   Epoch: 1.23, Step: 2500, Batch: 16, Speed: N/A, Eval Loss: nan, Accuracy: 0.1944, F1: 0.0233
12/13/2025 21:37:20 - INFO - __main__ -   Epoch: 1.26, Step: 2550, Train Loss: 0.0000, LR: 1.94e-05, Batch: 16, Speed: 4097.79ms/step
12/13/2025 21:40:59 - INFO - __main__ -   Epoch: 1.28, Step: 2600, Train Loss: 0.0000, LR: 1.94e-05, Batch: 16, Speed: 4378.74ms/step
12/13/2025 21:44:09 - INFO - __main__ -   Epoch: 1.31, Step: 2650, Train Loss: 0.0000, LR: 1.93e-05, Batch: 16, Speed: 3791.67ms/step
12/13/2025 21:47:52 - INFO - __main__ -   Epoch: 1.33, Step: 2700, Train Loss: 0.0000, LR: 1.93e-05, Batch: 16, Speed: 4463.95ms/step
12/13/2025 21:51:14 - INFO - __main__ -   Epoch: 1.36, Step: 2750, Train Loss: 0.0000, LR: 1.92e-05, Batch: 16, Speed: 4037.21ms/step
12/13/2025 21:54:47 - INFO - __main__ -   Epoch: 1.38, Step: 2800, Train Loss: 0.0000, LR: 1.92e-05, Batch: 16, Speed: 4261.75ms/step
12/13/2025 21:58:06 - INFO - __main__ -   Epoch: 1.41, Step: 2850, Train Loss: 0.0000, LR: 1.91e-05, Batch: 16, Speed: 3982.91ms/step
12/13/2025 22:01:30 - INFO - __main__ -   Epoch: 1.43, Step: 2900, Train Loss: 0.0000, LR: 1.90e-05, Batch: 16, Speed: 4074.01ms/step
12/13/2025 22:04:58 - INFO - __main__ -   Epoch: 1.45, Step: 2950, Train Loss: 0.0000, LR: 1.90e-05, Batch: 16, Speed: 4162.04ms/step
12/13/2025 22:08:31 - INFO - __main__ -   Epoch: 1.48, Step: 3000, Train Loss: 0.0000, LR: 1.89e-05, Batch: 16, Speed: 4259.02ms/step
12/13/2025 22:16:05 - INFO - __main__ -   Epoch: 1.48, Step: 3000, Batch: 16, Speed: N/A, Eval Loss: nan, Accuracy: 0.1944, F1: 0.0233
12/13/2025 22:19:43 - INFO - __main__ -   Epoch: 1.50, Step: 3050, Train Loss: 0.0000, LR: 1.89e-05, Batch: 16, Speed: 4372.91ms/step
12/13/2025 22:23:10 - INFO - __main__ -   Epoch: 1.53, Step: 3100, Train Loss: 0.0000, LR: 1.88e-05, Batch: 16, Speed: 4145.38ms/step
12/13/2025 22:26:24 - INFO - __main__ -   Epoch: 1.55, Step: 3150, Train Loss: 0.0000, LR: 1.88e-05, Batch: 16, Speed: 3881.17ms/step
12/13/2025 22:29:43 - INFO - __main__ -   Epoch: 1.58, Step: 3200, Train Loss: 0.0000, LR: 1.87e-05, Batch: 16, Speed: 3976.22ms/step
12/13/2025 22:32:58 - INFO - __main__ -   Epoch: 1.60, Step: 3250, Train Loss: 0.0000, LR: 1.87e-05, Batch: 16, Speed: 3884.09ms/step
12/13/2025 22:36:32 - INFO - __main__ -   Epoch: 1.63, Step: 3300, Train Loss: 0.0000, LR: 1.86e-05, Batch: 16, Speed: 4292.01ms/step
12/13/2025 22:40:18 - INFO - __main__ -   Epoch: 1.65, Step: 3350, Train Loss: 0.0000, LR: 1.86e-05, Batch: 16, Speed: 4513.05ms/step
12/13/2025 22:43:16 - INFO - __main__ -   Epoch: 1.68, Step: 3400, Train Loss: 0.0000, LR: 1.85e-05, Batch: 16, Speed: 3563.82ms/step
12/13/2025 22:46:51 - INFO - __main__ -   Epoch: 1.70, Step: 3450, Train Loss: 0.0000, LR: 1.84e-05, Batch: 16, Speed: 4305.16ms/step
12/13/2025 22:50:15 - INFO - __main__ -   Epoch: 1.73, Step: 3500, Train Loss: 0.0000, LR: 1.84e-05, Batch: 16, Speed: 4077.07ms/step
12/13/2025 22:57:34 - INFO - __main__ -   Epoch: 1.73, Step: 3500, Batch: 16, Speed: N/A, Eval Loss: nan, Accuracy: 0.1944, F1: 0.0233
12/13/2025 22:57:35 - INFO - __main__ -   Epoch: 1.73, Step: 3500, Batch: 16, Speed: N/A
